Spark Command: /usr/lib/jvm/java-8-openjdk-amd64/jre/bin/java -cp /opt/spark-2.3.4-bin-hadoop2.7/conf/:/opt/spark-2.3.4-bin-hadoop2.7/jars/* -Xmx1g org.apache.spark.deploy.master.Master --host 6be6f95883cd --port 7077 --webui-port 8080
========================================
2021-08-01 02:17:32 INFO  Master:2612 - Started daemon with process name: 1584@6be6f95883cd
2021-08-01 02:17:32 INFO  SignalUtils:54 - Registered signal handler for TERM
2021-08-01 02:17:32 INFO  SignalUtils:54 - Registered signal handler for HUP
2021-08-01 02:17:32 INFO  SignalUtils:54 - Registered signal handler for INT
2021-08-01 02:17:34 WARN  NativeCodeLoader:62 - Unable to load native-hadoop library for your platform... using builtin-java classes where applicable
2021-08-01 02:17:35 INFO  SecurityManager:54 - Changing view acls to: root
2021-08-01 02:17:35 INFO  SecurityManager:54 - Changing modify acls to: root
2021-08-01 02:17:35 INFO  SecurityManager:54 - Changing view acls groups to: 
2021-08-01 02:17:35 INFO  SecurityManager:54 - Changing modify acls groups to: 
2021-08-01 02:17:35 INFO  SecurityManager:54 - SecurityManager: authentication disabled; ui acls disabled; users  with view permissions: Set(root); groups with view permissions: Set(); users  with modify permissions: Set(root); groups with modify permissions: Set()
2021-08-01 02:17:36 INFO  Utils:54 - Successfully started service 'sparkMaster' on port 7077.
2021-08-01 02:17:37 INFO  Master:54 - Starting Spark master at spark://6be6f95883cd:7077
2021-08-01 02:17:37 INFO  Master:54 - Running Spark version 2.3.4
2021-08-01 02:17:37 INFO  log:192 - Logging initialized @7935ms
2021-08-01 02:17:37 INFO  Server:351 - jetty-9.3.z-SNAPSHOT, build timestamp: unknown, git hash: unknown
2021-08-01 02:17:37 INFO  Server:419 - Started @8339ms
2021-08-01 02:17:38 INFO  AbstractConnector:278 - Started ServerConnector@2b97a809{HTTP/1.1,[http/1.1]}{0.0.0.0:8080}
2021-08-01 02:17:38 INFO  Utils:54 - Successfully started service 'MasterUI' on port 8080.
2021-08-01 02:17:38 INFO  ContextHandler:781 - Started o.s.j.s.ServletContextHandler@72b40bd{/app,null,AVAILABLE,@Spark}
2021-08-01 02:17:38 INFO  ContextHandler:781 - Started o.s.j.s.ServletContextHandler@742243a3{/app/json,null,AVAILABLE,@Spark}
2021-08-01 02:17:38 INFO  ContextHandler:781 - Started o.s.j.s.ServletContextHandler@43d185ec{/,null,AVAILABLE,@Spark}
2021-08-01 02:17:38 INFO  ContextHandler:781 - Started o.s.j.s.ServletContextHandler@467c0867{/json,null,AVAILABLE,@Spark}
2021-08-01 02:17:38 INFO  ContextHandler:781 - Started o.s.j.s.ServletContextHandler@20a56450{/static,null,AVAILABLE,@Spark}
2021-08-01 02:17:38 INFO  ContextHandler:781 - Started o.s.j.s.ServletContextHandler@3dda25ae{/app/kill,null,AVAILABLE,@Spark}
2021-08-01 02:17:38 INFO  ContextHandler:781 - Started o.s.j.s.ServletContextHandler@fbc5b31{/driver/kill,null,AVAILABLE,@Spark}
2021-08-01 02:17:38 INFO  MasterWebUI:54 - Bound MasterWebUI to 0.0.0.0, and started at http://6be6f95883cd:8080
2021-08-01 02:17:38 INFO  Server:351 - jetty-9.3.z-SNAPSHOT, build timestamp: unknown, git hash: unknown
2021-08-01 02:17:38 INFO  ContextHandler:781 - Started o.s.j.s.ServletContextHandler@1244be3c{/,null,AVAILABLE}
2021-08-01 02:17:38 INFO  AbstractConnector:278 - Started ServerConnector@2603b56a{HTTP/1.1,[http/1.1]}{6be6f95883cd:6066}
2021-08-01 02:17:38 INFO  Server:419 - Started @8918ms
2021-08-01 02:17:38 INFO  Utils:54 - Successfully started service on port 6066.
2021-08-01 02:17:38 INFO  StandaloneRestServer:54 - Started REST server for submitting applications on port 6066
2021-08-01 02:17:39 INFO  ContextHandler:781 - Started o.s.j.s.ServletContextHandler@4b0749c2{/metrics/master/json,null,AVAILABLE,@Spark}
2021-08-01 02:17:39 INFO  ContextHandler:781 - Started o.s.j.s.ServletContextHandler@2810cdf1{/metrics/applications/json,null,AVAILABLE,@Spark}
2021-08-01 02:17:39 INFO  Master:54 - I have been elected leader! New state: ALIVE
2021-08-01 02:18:20 INFO  Master:54 - Registering worker 172.18.0.2:33081 with 2 cores, 6.3 GB RAM
