Spark Command: /usr/lib/jvm/java-8-openjdk-amd64/jre/bin/java -cp /opt/spark-2.3.4-bin-hadoop2.7/conf/:/opt/spark-2.3.4-bin-hadoop2.7/jars/* -Xmx1g org.apache.spark.deploy.master.Master --host 150fc11b8dce --port 7077 --webui-port 8080
========================================
2021-08-01 00:01:19 INFO  Master:2612 - Started daemon with process name: 46@150fc11b8dce
2021-08-01 00:01:19 INFO  SignalUtils:54 - Registered signal handler for TERM
2021-08-01 00:01:19 INFO  SignalUtils:54 - Registered signal handler for HUP
2021-08-01 00:01:19 INFO  SignalUtils:54 - Registered signal handler for INT
2021-08-01 00:01:21 WARN  NativeCodeLoader:62 - Unable to load native-hadoop library for your platform... using builtin-java classes where applicable
2021-08-01 00:01:21 INFO  SecurityManager:54 - Changing view acls to: root
2021-08-01 00:01:21 INFO  SecurityManager:54 - Changing modify acls to: root
2021-08-01 00:01:21 INFO  SecurityManager:54 - Changing view acls groups to: 
2021-08-01 00:01:21 INFO  SecurityManager:54 - Changing modify acls groups to: 
2021-08-01 00:01:21 INFO  SecurityManager:54 - SecurityManager: authentication disabled; ui acls disabled; users  with view permissions: Set(root); groups with view permissions: Set(); users  with modify permissions: Set(root); groups with modify permissions: Set()
2021-08-01 00:01:22 INFO  Utils:54 - Successfully started service 'sparkMaster' on port 7077.
2021-08-01 00:01:22 INFO  Master:54 - Starting Spark master at spark://150fc11b8dce:7077
2021-08-01 00:01:22 INFO  Master:54 - Running Spark version 2.3.4
2021-08-01 00:01:22 INFO  log:192 - Logging initialized @5859ms
2021-08-01 00:01:23 INFO  Server:351 - jetty-9.3.z-SNAPSHOT, build timestamp: unknown, git hash: unknown
2021-08-01 00:01:23 INFO  Server:419 - Started @6084ms
2021-08-01 00:01:23 INFO  AbstractConnector:278 - Started ServerConnector@2f9a9a0e{HTTP/1.1,[http/1.1]}{0.0.0.0:8080}
2021-08-01 00:01:23 INFO  Utils:54 - Successfully started service 'MasterUI' on port 8080.
2021-08-01 00:01:23 INFO  ContextHandler:781 - Started o.s.j.s.ServletContextHandler@30dcc701{/app,null,AVAILABLE,@Spark}
2021-08-01 00:01:23 INFO  ContextHandler:781 - Started o.s.j.s.ServletContextHandler@23d4b9{/app/json,null,AVAILABLE,@Spark}
2021-08-01 00:01:23 INFO  ContextHandler:781 - Started o.s.j.s.ServletContextHandler@25103440{/,null,AVAILABLE,@Spark}
2021-08-01 00:01:23 INFO  ContextHandler:781 - Started o.s.j.s.ServletContextHandler@59bda882{/json,null,AVAILABLE,@Spark}
2021-08-01 00:01:23 INFO  ContextHandler:781 - Started o.s.j.s.ServletContextHandler@47252910{/static,null,AVAILABLE,@Spark}
2021-08-01 00:01:23 INFO  ContextHandler:781 - Started o.s.j.s.ServletContextHandler@4ac64168{/app/kill,null,AVAILABLE,@Spark}
2021-08-01 00:01:23 INFO  ContextHandler:781 - Started o.s.j.s.ServletContextHandler@7f6fc8db{/driver/kill,null,AVAILABLE,@Spark}
2021-08-01 00:01:23 INFO  MasterWebUI:54 - Bound MasterWebUI to 0.0.0.0, and started at http://150fc11b8dce:8080
2021-08-01 00:01:23 INFO  Server:351 - jetty-9.3.z-SNAPSHOT, build timestamp: unknown, git hash: unknown
2021-08-01 00:01:23 INFO  ContextHandler:781 - Started o.s.j.s.ServletContextHandler@3bc86928{/,null,AVAILABLE}
2021-08-01 00:01:23 INFO  AbstractConnector:278 - Started ServerConnector@cdac7d5{HTTP/1.1,[http/1.1]}{150fc11b8dce:6066}
2021-08-01 00:01:23 INFO  Server:419 - Started @6547ms
2021-08-01 00:01:23 INFO  Utils:54 - Successfully started service on port 6066.
2021-08-01 00:01:23 INFO  StandaloneRestServer:54 - Started REST server for submitting applications on port 6066
2021-08-01 00:01:24 INFO  ContextHandler:781 - Started o.s.j.s.ServletContextHandler@49876253{/metrics/master/json,null,AVAILABLE,@Spark}
2021-08-01 00:01:24 INFO  ContextHandler:781 - Started o.s.j.s.ServletContextHandler@79f672d2{/metrics/applications/json,null,AVAILABLE,@Spark}
2021-08-01 00:01:24 INFO  Master:54 - I have been elected leader! New state: ALIVE
2021-08-01 00:02:13 INFO  Master:54 - Registering worker 172.18.0.2:39883 with 2 cores, 6.3 GB RAM
