Spark Command: /usr/lib/jvm/java-8-openjdk-amd64/jre/bin/java -cp /opt/spark-2.3.4-bin-hadoop2.7/conf/:/opt/spark-2.3.4-bin-hadoop2.7/jars/* -Xmx1g org.apache.spark.deploy.worker.Worker --webui-port 8081 spark://92857aef4476:7077
========================================
2021-08-01 16:24:24 INFO  Worker:2612 - Started daemon with process name: 1649@92857aef4476
2021-08-01 16:24:24 INFO  SignalUtils:54 - Registered signal handler for TERM
2021-08-01 16:24:24 INFO  SignalUtils:54 - Registered signal handler for HUP
2021-08-01 16:24:24 INFO  SignalUtils:54 - Registered signal handler for INT
2021-08-01 16:24:28 WARN  NativeCodeLoader:62 - Unable to load native-hadoop library for your platform... using builtin-java classes where applicable
2021-08-01 16:24:29 INFO  SecurityManager:54 - Changing view acls to: root
2021-08-01 16:24:29 INFO  SecurityManager:54 - Changing modify acls to: root
2021-08-01 16:24:29 INFO  SecurityManager:54 - Changing view acls groups to: 
2021-08-01 16:24:29 INFO  SecurityManager:54 - Changing modify acls groups to: 
2021-08-01 16:24:29 INFO  SecurityManager:54 - SecurityManager: authentication disabled; ui acls disabled; users  with view permissions: Set(root); groups with view permissions: Set(); users  with modify permissions: Set(root); groups with modify permissions: Set()
2021-08-01 16:24:30 INFO  Utils:54 - Successfully started service 'sparkWorker' on port 44899.
2021-08-01 16:24:31 INFO  Worker:54 - Starting Spark worker 172.18.0.2:44899 with 2 cores, 6.3 GB RAM
2021-08-01 16:24:31 INFO  Worker:54 - Running Spark version 2.3.4
2021-08-01 16:24:31 INFO  Worker:54 - Spark home: /opt/spark-2.3.4-bin-hadoop2.7
2021-08-01 16:24:31 INFO  log:192 - Logging initialized @17485ms
2021-08-01 16:24:31 INFO  Server:351 - jetty-9.3.z-SNAPSHOT, build timestamp: unknown, git hash: unknown
2021-08-01 16:24:31 INFO  Server:419 - Started @17805ms
2021-08-01 16:24:31 WARN  Utils:66 - Service 'WorkerUI' could not bind on port 8081. Attempting port 8082.
2021-08-01 16:24:31 WARN  Utils:66 - Service 'WorkerUI' could not bind on port 8082. Attempting port 8083.
2021-08-01 16:24:31 WARN  Utils:66 - Service 'WorkerUI' could not bind on port 8083. Attempting port 8084.
2021-08-01 16:24:31 INFO  AbstractConnector:278 - Started ServerConnector@50a0c9eb{HTTP/1.1,[http/1.1]}{0.0.0.0:8084}
2021-08-01 16:24:31 INFO  Utils:54 - Successfully started service 'WorkerUI' on port 8084.
2021-08-01 16:24:31 INFO  ContextHandler:781 - Started o.s.j.s.ServletContextHandler@7cdcd98a{/logPage,null,AVAILABLE,@Spark}
2021-08-01 16:24:31 INFO  ContextHandler:781 - Started o.s.j.s.ServletContextHandler@68359906{/logPage/json,null,AVAILABLE,@Spark}
2021-08-01 16:24:31 INFO  ContextHandler:781 - Started o.s.j.s.ServletContextHandler@1669deb{/,null,AVAILABLE,@Spark}
2021-08-01 16:24:31 INFO  ContextHandler:781 - Started o.s.j.s.ServletContextHandler@a712cca{/json,null,AVAILABLE,@Spark}
2021-08-01 16:24:31 INFO  ContextHandler:781 - Started o.s.j.s.ServletContextHandler@4ec8792b{/static,null,AVAILABLE,@Spark}
2021-08-01 16:24:31 INFO  ContextHandler:781 - Started o.s.j.s.ServletContextHandler@654e6a76{/log,null,AVAILABLE,@Spark}
2021-08-01 16:24:31 INFO  WorkerWebUI:54 - Bound WorkerWebUI to 0.0.0.0, and started at http://92857aef4476:8084
2021-08-01 16:24:31 INFO  Worker:54 - Connecting to master 92857aef4476:7077...
2021-08-01 16:24:31 INFO  ContextHandler:781 - Started o.s.j.s.ServletContextHandler@4d0c581d{/metrics/json,null,AVAILABLE,@Spark}
2021-08-01 16:24:32 INFO  TransportClientFactory:267 - Successfully created connection to 92857aef4476/172.18.0.2:7077 after 174 ms (0 ms spent in bootstraps)
2021-08-01 16:24:33 INFO  Worker:54 - Successfully registered with master spark://92857aef4476:7077
